This is pdfTeX, Version 3.14159265-2.6-1.40.20 (TeX Live 2019/Debian) (preloaded format=pdflatex 2021.8.15)  15 OCT 2021 21:44
entering extended mode
 restricted \write18 enabled.
 %&-line parsing enabled.
**ifbtcc
(./ifbtcc.tex
LaTeX2e <2020-02-02> patch level 2
L3 programming layer <2020-02-14> (./ifbclass/ifbclass.cls

LaTeX Warning: You have requested document class `ifbclass/ifbclass',
               but the document class provides `ifbclass'.

Document Class: ifbclass 2018/07/23
(/usr/share/texlive/texmf-dist/tex/latex/base/book.cls
Document Class: book 2019/12/20 v1.4l Standard LaTeX document class
(/usr/share/texlive/texmf-dist/tex/latex/base/bk12.clo
File: bk12.clo 2019/12/20 v1.4l Standard LaTeX file (size option)
)
\c@part=\count167
\c@chapter=\count168
\c@section=\count169
\c@subsection=\count170
\c@subsubsection=\count171
\c@paragraph=\count172
\c@subparagraph=\count173
\c@figure=\count174
\c@table=\count175
\abovecaptionskip=\skip47
\belowcaptionskip=\skip48
\bibindent=\dimen134
)
(/usr/share/texlive/texmf-dist/tex/latex/amsmath/amsmath.sty
Package: amsmath 2020/01/20 v2.17e AMS math features
\@mathmargin=\skip49

For additional information on amsmath, use the `?' option.
(/usr/share/texlive/texmf-dist/tex/latex/amsmath/amstext.sty
Package: amstext 2000/06/29 v2.01 AMS text

(/usr/share/texlive/texmf-dist/tex/latex/amsmath/amsgen.sty
File: amsgen.sty 1999/11/30 v2.0 generic functions
\@emptytoks=\toks14
\ex@=\dimen135
))
(/usr/share/texlive/texmf-dist/tex/latex/amsmath/amsbsy.sty
Package: amsbsy 1999/11/29 v1.2d Bold Symbols
\pmbraise@=\dimen136
)
(/usr/share/texlive/texmf-dist/tex/latex/amsmath/amsopn.sty
Package: amsopn 2016/03/08 v2.02 operator names
)
\inf@bad=\count176
LaTeX Info: Redefining \frac on input line 227.
\uproot@=\count177
\leftroot@=\count178
LaTeX Info: Redefining \overline on input line 389.
\classnum@=\count179
\DOTSCASE@=\count180
LaTeX Info: Redefining \ldots on input line 486.
LaTeX Info: Redefining \dots on input line 489.
LaTeX Info: Redefining \cdots on input line 610.
\Mathstrutbox@=\box45
\strutbox@=\box46
\big@size=\dimen137
LaTeX Font Info:    Redeclaring font encoding OML on input line 733.
LaTeX Font Info:    Redeclaring font encoding OMS on input line 734.
\macc@depth=\count181
\c@MaxMatrixCols=\count182
\dotsspace@=\muskip16
\c@parentequation=\count183
\dspbrk@lvl=\count184
\tag@help=\toks15
\row@=\count185
\column@=\count186
\maxfields@=\count187
\andhelp@=\toks16
\eqnshift@=\dimen138
\alignsep@=\dimen139
\tagshift@=\dimen140
\tagwidth@=\dimen141
\totwidth@=\dimen142
\lineht@=\dimen143
\@envbody=\toks17
\multlinegap=\skip50
\multlinetaggap=\skip51
\mathdisplay@stack=\toks18
LaTeX Info: Redefining \[ on input line 2859.
LaTeX Info: Redefining \] on input line 2860.
)
(/usr/share/texlive/texmf-dist/tex/latex/amsfonts/amsfonts.sty
Package: amsfonts 2013/01/14 v3.01 Basic AMSFonts support
\symAMSa=\mathgroup4
\symAMSb=\mathgroup5
LaTeX Font Info:    Redeclaring math symbol \hbar on input line 98.
LaTeX Font Info:    Overwriting math alphabet `\mathfrak' in version `bold'
(Font)                  U/euf/m/n --> U/euf/b/n on input line 106.
)
(/usr/share/texlive/texmf-dist/tex/latex/amsfonts/amssymb.sty
Package: amssymb 2013/01/14 v3.01 AMS font symbols
)
(/usr/share/texlive/texmf-dist/tex/latex/amscls/amsthm.sty
Package: amsthm 2017/10/31 v2.20.4
\thm@style=\toks19
\thm@bodyfont=\toks20
\thm@headfont=\toks21
\thm@notefont=\toks22
\thm@headpunct=\toks23
\thm@preskip=\skip52
\thm@postskip=\skip53
\thm@headsep=\skip54
\dth@everypar=\toks24
)
(/usr/share/texlive/texmf-dist/tex/latex/tools/calc.sty
Package: calc 2017/05/25 v4.3 Infix arithmetic (KKT,FJ)
\calc@Acount=\count188
\calc@Bcount=\count189
\calc@Adimen=\dimen144
\calc@Bdimen=\dimen145
\calc@Askip=\skip55
\calc@Bskip=\skip56
LaTeX Info: Redefining \setlength on input line 80.
LaTeX Info: Redefining \addtolength on input line 81.
\calc@Ccount=\count190
\calc@Cskip=\skip57
)
(/usr/share/texlive/texmf-dist/tex/latex/base/ifthen.sty
Package: ifthen 2014/09/29 v1.1c Standard LaTeX ifthen package (DPC)
)
(/usr/share/texlive/texmf-dist/tex/latex/base/inputenc.sty
Package: inputenc 2018/08/11 v1.3c Input encoding file
\inpenc@prehook=\toks25
\inpenc@posthook=\toks26
)
(/usr/share/texlive/texmf-dist/tex/latex/textcase/textcase.sty
Package: textcase 2019/09/14 v1.00 Text only upper/lower case changing (DPC)
)
(/usr/share/texlive/texmf-dist/tex/latex/base/textcomp.sty
Package: textcomp 2020/02/02 v2.0n Standard LaTeX package
)
(/usr/share/texlive/texmf-dist/tex/latex/url/url.sty
\Urlmuskip=\muskip17
Package: url 2013/09/16  ver 3.4  Verb mode for urls, etc.
)
(/usr/share/texlive/texmf-dist/tex/latex/colortbl/colortbl.sty
Package: colortbl 2020/01/04 v1.0e Color table columns (DPC)

(/usr/share/texlive/texmf-dist/tex/latex/tools/array.sty
Package: array 2019/08/31 v2.4l Tabular extension package (FMi)
\col@sep=\dimen146
\ar@mcellbox=\box47
\extrarowheight=\dimen147
\NC@list=\toks27
\extratabsurround=\skip58
\backup@length=\skip59
\ar@cellbox=\box48
)
(/usr/share/texlive/texmf-dist/tex/latex/graphics/color.sty
Package: color 2019/11/23 v1.2a Standard LaTeX Color (DPC)

(/usr/share/texlive/texmf-dist/tex/latex/graphics-cfg/color.cfg
File: color.cfg 2016/01/02 v1.6 sample color configuration
)
Package color Info: Driver file: pdftex.def on input line 147.

(/usr/share/texlive/texmf-dist/tex/latex/graphics-def/pdftex.def
File: pdftex.def 2018/01/08 v1.0l Graphics/color driver for pdftex
))
\everycr=\toks28
\minrowclearance=\skip60
)
(/usr/share/texlive/texmf-dist/tex/latex/tools/xspace.sty
Package: xspace 2014/10/28 v1.13 Space after command names (DPC,MH)
)
(/usr/share/texlive/texmf-dist/tex/latex/base/fontenc.sty
Package: fontenc 2020/02/11 v2.0o Standard LaTeX package
)
(/usr/share/texlive/texmf-dist/tex/latex/psnfss/mathptmx.sty
Package: mathptmx 2005/04/12 PSNFSS-v9.2a Times w/ Math, improved (SPQR, WaS) 
LaTeX Font Info:    Redeclaring symbol font `operators' on input line 28.
LaTeX Font Info:    Overwriting symbol font `operators' in version `normal'
(Font)                  OT1/cmr/m/n --> OT1/ztmcm/m/n on input line 28.
LaTeX Font Info:    Overwriting symbol font `operators' in version `bold'
(Font)                  OT1/cmr/bx/n --> OT1/ztmcm/m/n on input line 28.
LaTeX Font Info:    Redeclaring symbol font `letters' on input line 29.
LaTeX Font Info:    Overwriting symbol font `letters' in version `normal'
(Font)                  OML/cmm/m/it --> OML/ztmcm/m/it on input line 29.
LaTeX Font Info:    Overwriting symbol font `letters' in version `bold'
(Font)                  OML/cmm/b/it --> OML/ztmcm/m/it on input line 29.
LaTeX Font Info:    Redeclaring symbol font `symbols' on input line 30.
LaTeX Font Info:    Overwriting symbol font `symbols' in version `normal'
(Font)                  OMS/cmsy/m/n --> OMS/ztmcm/m/n on input line 30.
LaTeX Font Info:    Overwriting symbol font `symbols' in version `bold'
(Font)                  OMS/cmsy/b/n --> OMS/ztmcm/m/n on input line 30.
LaTeX Font Info:    Redeclaring symbol font `largesymbols' on input line 31.
LaTeX Font Info:    Overwriting symbol font `largesymbols' in version `normal'
(Font)                  OMX/cmex/m/n --> OMX/ztmcm/m/n on input line 31.
LaTeX Font Info:    Overwriting symbol font `largesymbols' in version `bold'
(Font)                  OMX/cmex/m/n --> OMX/ztmcm/m/n on input line 31.
\symbold=\mathgroup6
\symitalic=\mathgroup7
LaTeX Font Info:    Redeclaring math alphabet \mathbf on input line 34.
LaTeX Font Info:    Overwriting math alphabet `\mathbf' in version `normal'
(Font)                  OT1/cmr/bx/n --> OT1/ptm/bx/n on input line 34.
LaTeX Font Info:    Overwriting math alphabet `\mathbf' in version `bold'
(Font)                  OT1/cmr/bx/n --> OT1/ptm/bx/n on input line 34.
LaTeX Font Info:    Redeclaring math alphabet \mathit on input line 35.
LaTeX Font Info:    Overwriting math alphabet `\mathit' in version `normal'
(Font)                  OT1/cmr/m/it --> OT1/ptm/m/it on input line 35.
LaTeX Font Info:    Overwriting math alphabet `\mathit' in version `bold'
(Font)                  OT1/cmr/bx/it --> OT1/ptm/m/it on input line 35.
LaTeX Info: Redefining \hbar on input line 50.
)
(/usr/share/texlive/texmf-dist/tex/latex/psnfss/helvet.sty
Package: helvet 2005/04/12 PSNFSS-v9.2a (WaS) 

(/usr/share/texlive/texmf-dist/tex/latex/graphics/keyval.sty
Package: keyval 2014/10/28 v1.15 key=value parser (DPC)
\KV@toks@=\toks29
))
(/usr/share/texlive/texmf-dist/tex/latex/psnfss/courier.sty
Package: courier 2005/04/12 PSNFSS-v9.2a (WaS) 
)
(/usr/share/texlive/texmf-dist/tex/latex/appendix/appendix.sty
Package: appendix 2020/02/08 v1.2c extra appendix facilities
\c@@pps=\count191
\c@@ppsavesec=\count192
\c@@ppsaveapp=\count193
)
(/usr/share/texlive/texmf-dist/tex/latex/acronym/acronym.sty
Package: acronym 2019/11/11 v1.42 Support for acronyms (Tobias Oetiker)

(/usr/share/texlive/texmf-dist/tex/latex/bigfoot/suffix.sty
Package: suffix 2006/07/15 1.5a Variant command support
)
(/usr/share/texlive/texmf-dist/tex/generic/xstring/xstring.sty
(/usr/share/texlive/texmf-dist/tex/generic/xstring/xstring.tex
\integerpart=\count194
\decimalpart=\count195
)
Package: xstring 2019/02/06 v1.83 String manipulations (CT)
)
\AC@clearlist=\toks30
)
(/usr/share/texlive/texmf-dist/tex/latex/fancybox/fancybox.sty
Package: fancybox 2010/05/15 1.4

Style option: `fancybox' v1.4 <2010/05/15> (tvz)
\@fancybox=\box49
\shadowsize=\dimen148
\@Sbox=\box50
\do@VerbBox=\toks31
\the@fancyput=\toks32
\this@fancyput=\toks33
\EndVerbatimTokens=\toks34
\Verbatim@Outfile=\write3
\Verbatim@Infile=\read2
) (/usr/share/texlive/texmf-dist/tex/latex/fancyhdr/fancyhdr.sty
Package: fancyhdr 2019/01/31 v3.10 Extensive control of page headers and footer
s
\f@nch@headwidth=\skip61
\f@nch@O@elh=\skip62
\f@nch@O@erh=\skip63
\f@nch@O@olh=\skip64
\f@nch@O@orh=\skip65
\f@nch@O@elf=\skip66
\f@nch@O@erf=\skip67
\f@nch@O@olf=\skip68
\f@nch@O@orf=\skip69
)
(/usr/share/texlive/texmf-dist/tex/latex/setspace/setspace.sty
Package: setspace 2011/12/19 v6.7a set line spacing
)
(/usr/share/texlive/texmf-dist/tex/latex/geometry/geometry.sty
Package: geometry 2020/01/02 v5.9 Page Geometry

(/usr/share/texlive/texmf-dist/tex/generic/iftex/ifvtex.sty
Package: ifvtex 2019/10/25 v1.7 ifvtex legacy package. Use iftex instead.

(/usr/share/texlive/texmf-dist/tex/generic/iftex/iftex.sty
Package: iftex 2019/11/07 v1.0c TeX engine tests
))
\Gm@cnth=\count196
\Gm@cntv=\count197
\c@Gm@tempcnt=\count198
\Gm@bindingoffset=\dimen149
\Gm@wd@mp=\dimen150
\Gm@odd@mp=\dimen151
\Gm@even@mp=\dimen152
\Gm@layoutwidth=\dimen153
\Gm@layoutheight=\dimen154
\Gm@layouthoffset=\dimen155
\Gm@layoutvoffset=\dimen156
\Gm@dimlist=\toks35
)
(/usr/share/texlive/texmf-dist/tex/latex/titlesec/titlesec.sty
Package: titlesec 2019/10/16 v2.13 Sectioning titles
\ttl@box=\box51
\beforetitleunit=\skip70
\aftertitleunit=\skip71
\ttl@plus=\dimen157
\ttl@minus=\dimen158
\ttl@toksa=\toks36
\titlewidth=\dimen159
\titlewidthlast=\dimen160
\titlewidthfirst=\dimen161
)
(./ifbclass/libs/psboxit.sty
\gray@box=\box52
\gray@space=\dimen162
)
(/usr/share/texlive/texmf-dist/tex/latex/quotchap/quotchap.sty
Package: quotchap 2019/07/09 v1.2 Decorative Chapter Headings with Quotes
\@quotebox=\box53
)
(/usr/share/texlive/texmf-dist/tex/latex/tocbibind/tocbibind.sty
Package: tocbibind 2010/10/13 v1.5k extra ToC listings
Package tocbibind Info: The document has chapter divisions on input line 50.


Package tocbibind Note: Using chapter style headings, unless overridden.

) (/usr/share/texlive/texmf-dist/tex/latex/tools/indentfirst.sty
Package: indentfirst 1995/11/23 v1.03 Indent first paragraph (DPC)
)
(/usr/share/texlive/texmf-dist/tex/latex/enumitem/enumitem.sty
Package: enumitem 2019/06/20 v3.9 Customized lists
\labelindent=\skip72
\enit@outerparindent=\dimen163
\enit@toks=\toks37
\enit@inbox=\box54
\enit@count@id=\count199
\enitdp@description=\count266
)
(/usr/share/texlive/texmf-dist/tex/latex/lastpage/lastpage.sty
Package: lastpage 2015/03/29 v1.2m Refers to last page's name (HMM; JPG)
)
(/usr/share/texlive/texmf-dist/tex/latex/listings/listings.sty
\lst@mode=\count267
\lst@gtempboxa=\box55
\lst@token=\toks38
\lst@length=\count268
\lst@currlwidth=\dimen164
\lst@column=\count269
\lst@pos=\count270
\lst@lostspace=\dimen165
\lst@width=\dimen166
\lst@newlines=\count271
\lst@lineno=\count272
\lst@maxwidth=\dimen167

(/usr/share/texlive/texmf-dist/tex/latex/listings/lstmisc.sty
File: lstmisc.sty 2019/09/10 1.8c (Carsten Heinz)
\c@lstnumber=\count273
\lst@skipnumbers=\count274
\lst@framebox=\box56
)
(/usr/share/texlive/texmf-dist/tex/latex/listings/listings.cfg
File: listings.cfg 2019/09/10 1.8c listings configuration
))
Package: listings 2019/09/10 1.8c (Carsten Heinz)

(/usr/share/texlive/texmf-dist/tex/latex/graphics/graphicx.sty
Package: graphicx 2019/11/30 v1.2a Enhanced LaTeX Graphics (DPC,SPQR)

(/usr/share/texlive/texmf-dist/tex/latex/graphics/graphics.sty
Package: graphics 2019/11/30 v1.4a Standard LaTeX Graphics (DPC,SPQR)

(/usr/share/texlive/texmf-dist/tex/latex/graphics/trig.sty
Package: trig 2016/01/03 v1.10 sin cos tan (DPC)
)
(/usr/share/texlive/texmf-dist/tex/latex/graphics-cfg/graphics.cfg
File: graphics.cfg 2016/06/04 v1.11 sample graphics configuration
)
Package graphics Info: Driver file: pdftex.def on input line 105.
)
\Gin@req@height=\dimen168
\Gin@req@width=\dimen169
)
(/usr/share/texlive/texmf-dist/tex/generic/babel/babel.sty
Package: babel 2020/02/14 3.40 The Babel package

(/usr/share/texlive/texmf-dist/tex/generic/babel/switch.def
File: switch.def 2020/02/14 3.40 Babel switching mechanism
)
(/usr/share/texlive/texmf-dist/tex/generic/babel-portuges/portuges.ldf
Language: portuges 2008/03/18 v1.2q Portuguese support from the babel system

(/usr/share/texlive/texmf-dist/tex/generic/babel/babel.def
File: babel.def 2020/02/14 3.40 Babel common definitions
\babel@savecnt=\count275
\U@D=\dimen170

(/usr/share/texlive/texmf-dist/tex/generic/babel/txtbabel.def)
\bbl@readstream=\read3
\bbl@dirlevel=\count276
)
Package babel Info: \l@brazil = using hyphenrules for portuguese
(babel)             (\language3) on input line 113.
Package babel Info: Making " an active character on input line 145.
)
(/usr/share/texlive/texmf-dist/tex/generic/babel-portuges/portuges.ldf
Language: portuges 2008/03/18 v1.2q Portuguese support from the babel system
)
(/usr/share/texlive/texmf-dist/tex/generic/babel-portuges/portuges.ldf
Language: portuges 2008/03/18 v1.2q Portuguese support from the babel system
))
\c@Def=\count277
\c@Axi=\count278
\c@Conj=\count279
\c@Lem=\count280
\c@Theo=\count281
\c@Prop=\count282
\c@Cor=\count283
)
(/usr/share/texlive/texmf-dist/tex/latex/xcolor/xcolor.sty
Package: xcolor 2016/05/11 v2.12 LaTeX color extensions (UK)

(/usr/share/texlive/texmf-dist/tex/latex/graphics-cfg/color.cfg
File: color.cfg 2016/01/02 v1.6 sample color configuration
)
Package xcolor Info: Driver file: pdftex.def on input line 225.
LaTeX Info: Redefining \color on input line 709.
\rownum=\count284
Package xcolor Info: Model `cmy' substituted by `cmy0' on input line 1348.
Package xcolor Info: Model `hsb' substituted by `rgb' on input line 1352.
Package xcolor Info: Model `RGB' extended on input line 1364.
Package xcolor Info: Model `HTML' substituted by `rgb' on input line 1366.
Package xcolor Info: Model `Hsb' substituted by `hsb' on input line 1367.
Package xcolor Info: Model `tHsb' substituted by `hsb' on input line 1368.
Package xcolor Info: Model `HSB' substituted by `hsb' on input line 1369.
Package xcolor Info: Model `Gray' substituted by `gray' on input line 1370.
Package xcolor Info: Model `wave' substituted by `hsb' on input line 1371.
)
(/usr/share/texlive/texmf-dist/tex/latex/subfigure/subfigure.sty
Package: subfigure 2002/03/15 v2.1.5 subfigure package
\subfigtopskip=\skip73
\subfigcapskip=\skip74
\subfigcaptopadj=\dimen171
\subfigbottomskip=\skip75
\subfigcapmargin=\dimen172
\subfiglabelskip=\skip76
\c@subfigure=\count285
\c@lofdepth=\count286
\c@subtable=\count287
\c@lotdepth=\count288

****************************************
* Local config file subfigure.cfg used *
****************************************
(/usr/share/texlive/texmf-dist/tex/latex/subfigure/subfigure.cfg)
\subfig@top=\skip77
\subfig@bottom=\skip78
)
(/usr/share/texlive/texmf-dist/tex/latex/mathtools/mathtools.sty
Package: mathtools 2020/01/17 v1.23 mathematical typesetting tools

(/usr/share/texlive/texmf-dist/tex/latex/mathtools/mhsetup.sty
Package: mhsetup 2017/03/31 v1.3 programming setup (MH)
)
LaTeX Info: Thecontrolsequence`\('isalreadyrobust on input line 129.
LaTeX Info: Thecontrolsequence`\)'isalreadyrobust on input line 129.
LaTeX Info: Thecontrolsequence`\['isalreadyrobust on input line 129.
LaTeX Info: Thecontrolsequence`\]'isalreadyrobust on input line 129.
\g_MT_multlinerow_int=\count289
\l_MT_multwidth_dim=\dimen173
\origjot=\skip79
\l_MT_shortvdotswithinadjustabove_dim=\dimen174
\l_MT_shortvdotswithinadjustbelow_dim=\dimen175
\l_MT_above_intertext_sep=\dimen176
\l_MT_below_intertext_sep=\dimen177
\l_MT_above_shortintertext_sep=\dimen178
\l_MT_below_shortintertext_sep=\dimen179
)
(/usr/share/texlive/texmf-dist/tex/latex/multirow/multirow.sty
Package: multirow 2019/05/31 v2.5 Span multiple rows of a table
\multirow@colwidth=\skip80
\multirow@cntb=\count290
\multirow@dima=\skip81
\bigstrutjot=\dimen180
)
(/usr/share/texlive/texmf-dist/tex/latex/graphics/rotating.sty
Package: rotating 2016/08/11 v2.16d rotated objects in LaTeX
\c@r@tfl@t=\count291
\rotFPtop=\skip82
\rotFPbot=\skip83
\rot@float@box=\box57
\rot@mess@toks=\toks39
)
(/usr/share/texlive/texmf-dist/tex/latex/booktabs/booktabs.sty
Package: booktabs 2020/01/12 v1.61803398 Publication quality tables
\heavyrulewidth=\dimen181
\lightrulewidth=\dimen182
\cmidrulewidth=\dimen183
\belowrulesep=\dimen184
\belowbottomsep=\dimen185
\aboverulesep=\dimen186
\abovetopsep=\dimen187
\cmidrulesep=\dimen188
\cmidrulekern=\dimen189
\defaultaddspace=\dimen190
\@cmidla=\count292
\@cmidlb=\count293
\@aboverulesep=\dimen191
\@belowrulesep=\dimen192
\@thisruleclass=\count294
\@lastruleclass=\count295
\@thisrulewidth=\dimen193
)
(/usr/share/texlive/texmf-dist/tex/latex/pdfpages/pdfpages.sty
Package: pdfpages 2020/01/28 v0.5q Insert pages of external PDF documents (AM)

(/usr/share/texlive/texmf-dist/tex/latex/eso-pic/eso-pic.sty
Package: eso-pic 2018/04/12 v2.0h eso-pic (RN)

(/usr/share/texlive/texmf-dist/tex/generic/atbegshi/atbegshi.sty
Package: atbegshi 2019/12/05 v1.19 At begin shipout hook (HO)

(/usr/share/texlive/texmf-dist/tex/generic/infwarerr/infwarerr.sty
Package: infwarerr 2019/12/03 v1.5 Providing info/warning/error messages (HO)
)
(/usr/share/texlive/texmf-dist/tex/generic/ltxcmds/ltxcmds.sty
Package: ltxcmds 2019/12/15 v1.24 LaTeX kernel commands for general use (HO)
)))
\AM@pagewidth=\dimen194
\AM@pageheight=\dimen195

(/usr/share/texlive/texmf-dist/tex/latex/pdfpages/pppdftex.def
File: pppdftex.def 2020/01/28 v0.5q Pdfpages driver for pdfTeX (AM)
)
\AM@pagebox=\box58
\AM@global@opts=\toks40
\AM@pagecnt=\count296
\AM@toc@title=\toks41
\c@AM@survey=\count297
\AM@templatesizebox=\box59
)
(/usr/share/texlive/texmf-dist/tex/latex/caption/caption.sty
Package: caption 2020/01/03 v3.4h Customizing captions (AR)

(/usr/share/texlive/texmf-dist/tex/latex/caption/caption3.sty
Package: caption3 2020/01/03 v1.8h caption3 kernel (AR)
Package caption3 Info: TeX engine: e-TeX on input line 61.
\captionmargin=\dimen196
\captionmargin@=\dimen197
\captionwidth=\dimen198
\caption@tempdima=\dimen199
\caption@indent=\dimen256
\caption@parindent=\dimen257
\caption@hangindent=\dimen258
Package caption Info: Unknown document class (or package),
(caption)             standard defaults will be used.
Package caption Info: \@makecaption = \long macro:#1#2->\vskip \abovecaptionski
p \sbox \@tempboxa {\small \bf #1\rm \enskip #2}\ifdim \wd \@tempboxa >\hsize {
\small \bf #1\rm \enskip #2\par } \else \global \@minipagefalse \hb@xt@ \hsize 
{\hfil \box \@tempboxa \hfil }\fi \vskip \belowcaptionskip  on input line 1082.

)

Package caption Warning: Unknown document class (or package),
(caption)                standard defaults will be used.
See the caption package documentation for explanation.

\c@caption@flags=\count298
\c@continuedfloat=\count299
Package caption Info: listings package is loaded.
Package caption Info: rotating package is loaded.
Package caption Info: subfigure package is loaded.
) (/usr/share/texlive/texmf-dist/tex/latex/lipsum/lipsum.sty
(/usr/share/texlive/texmf-dist/tex/latex/l3kernel/expl3.sty
Package: expl3 2020-02-14 L3 programming layer (loader) 

(/usr/share/texlive/texmf-dist/tex/latex/l3backend/l3backend-pdfmode.def
File: l3backend-pdfmode.def 2020-02-03 L3 backend support: PDF mode
\l__kernel_color_stack_int=\count300
\l__pdf_internal_box=\box60
))
(/usr/share/texlive/texmf-dist/tex/latex/l3packages/xparse/xparse.sty
Package: xparse 2020-02-14 L3 Experimental document command parser
\l__xparse_current_arg_int=\count301
\g__xparse_grabber_int=\count302
\l__xparse_m_args_int=\count303
\l__xparse_v_nesting_int=\count304
)
Package: lipsum 2019/01/02 v2.2 150 paragraphs of Lorem Ipsum dummy text

(/usr/share/texlive/texmf-dist/tex/latex/lipsum/lipsum.ltd.tex
File: lipsum.ltd.tex 2019/01/02 v2.2 The Lorem ipsum dummy text
))
(/usr/share/texlive/texmf-dist/tex/latex/sectsty/sectsty.sty
Package: sectsty 2002/02/25 v2.0.2 Commands to change all sectional heading sty
les


LaTeX Warning: Command \underbar  has changed.
               Check if current package is valid.


LaTeX Warning: Command \underline  has changed.
               Check if current package is valid.

) (/usr/share/texlive/texmf-dist/tex/latex/natbib/natbib.sty
Package: natbib 2010/09/13 8.31b (PWD, AO)
\bibhang=\skip84
\bibsep=\skip85
LaTeX Info: Redefining \cite on input line 694.
\c@NAT@ctr=\count305
)
(/usr/share/texlive/texmf-dist/tex/latex/pdflscape/pdflscape.sty
Package: pdflscape 2019/12/05 v0.12 Display of landscape pages in PDF (HO)

(/usr/share/texlive/texmf-dist/tex/latex/graphics/lscape.sty
Package: lscape 2000/10/22 v3.01 Landscape Pages (DPC)
)
Package pdflscape Info: Auto-detected driver: pdftex on input line 81.
)
(./algorithm2e.sty
Package: algorithm2e 2017/07/18 v5.2 algorithms environments
\c@AlgoLine=\count306
\algocf@hangindent=\skip86

(/usr/share/texlive/texmf-dist/tex/latex/ifoddpage/ifoddpage.sty
Package: ifoddpage 2016/04/23 v1.1 Conditionals for odd/even page detection
\c@checkoddpage=\count307
)
(/usr/share/texlive/texmf-dist/tex/latex/relsize/relsize.sty
Package: relsize 2013/03/29 ver 4.1
)
\skiptotal=\skip87
\skiplinenumber=\skip88
\skiprule=\skip89
\skiphlne=\skip90
\skiptext=\skip91
\skiplength=\skip92
\algomargin=\skip93
\skipalgocfslide=\skip94
\algowidth=\dimen259
\inoutsize=\dimen260
\inoutindent=\dimen261
\interspacetitleruled=\dimen262
\interspacealgoruled=\dimen263
\interspacetitleboxruled=\dimen264
\algocf@ruledwidth=\skip95
\algocf@inoutbox=\box61
\algocf@inputbox=\box62
\AlCapSkip=\skip96
\AlCapHSkip=\skip97
\algoskipindent=\skip98
\algocf@nlbox=\box63
\algocf@hangingbox=\box64
\algocf@untilbox=\box65
\algocf@skipuntil=\skip99
\algocf@capbox=\box66
\algocf@lcaptionbox=\skip100
\algoheightruledefault=\skip101
\algoheightrule=\skip102
\algotitleheightruledefault=\skip103
\algotitleheightrule=\skip104
\c@algocfline=\count308
\c@algocfproc=\count309
\c@algocf=\count310
\algocf@algoframe=\box67
\algocf@algobox=\box68
)
(/usr/share/texlive/texmf-dist/tex/latex/psnfss/pifont.sty
Package: pifont 2005/04/12 PSNFSS-v9.2a Pi font support (SPQR) 
LaTeX Font Info:    Trying to load font information for U+pzd on input line 63.


(/usr/share/texlive/texmf-dist/tex/latex/psnfss/upzd.fd
File: upzd.fd 2001/06/04 font definitions for U/pzd.
)
LaTeX Font Info:    Trying to load font information for U+psy on input line 64.


(/usr/share/texlive/texmf-dist/tex/latex/psnfss/upsy.fd
File: upsy.fd 2001/06/04 font definitions for U/psy.
))
\c@examplecounter=\count311

(/usr/share/texlive/texmf-dist/tex/latex/hyperref/hyperref.sty
Package: hyperref 2020/01/14 v7.00d Hypertext links for LaTeX

(/usr/share/texlive/texmf-dist/tex/latex/pdftexcmds/pdftexcmds.sty
Package: pdftexcmds 2019/11/24 v0.31 Utility functions of pdfTeX for LuaTeX (HO
)
Package pdftexcmds Info: \pdf@primitive is available.
Package pdftexcmds Info: \pdf@ifprimitive is available.
Package pdftexcmds Info: \pdfdraftmode found.
)
(/usr/share/texlive/texmf-dist/tex/generic/kvsetkeys/kvsetkeys.sty
Package: kvsetkeys 2019/12/15 v1.18 Key value parser (HO)
)
(/usr/share/texlive/texmf-dist/tex/generic/kvdefinekeys/kvdefinekeys.sty
Package: kvdefinekeys 2019-12-19 v1.6 Define keys (HO)
)
(/usr/share/texlive/texmf-dist/tex/generic/pdfescape/pdfescape.sty
Package: pdfescape 2019/12/09 v1.15 Implements pdfTeX's escape features (HO)
)
(/usr/share/texlive/texmf-dist/tex/latex/hycolor/hycolor.sty
Package: hycolor 2020-01-27 v1.10 Color options for hyperref/bookmark (HO)
)
(/usr/share/texlive/texmf-dist/tex/latex/letltxmacro/letltxmacro.sty
Package: letltxmacro 2019/12/03 v1.6 Let assignment for LaTeX macros (HO)
)
(/usr/share/texlive/texmf-dist/tex/latex/auxhook/auxhook.sty
Package: auxhook 2019-12-17 v1.6 Hooks for auxiliary files (HO)
)
(/usr/share/texlive/texmf-dist/tex/latex/kvoptions/kvoptions.sty
Package: kvoptions 2019/11/29 v3.13 Key value format for package options (HO)
)
\@linkdim=\dimen265
\Hy@linkcounter=\count312
\Hy@pagecounter=\count313

(/usr/share/texlive/texmf-dist/tex/latex/hyperref/pd1enc.def
File: pd1enc.def 2020/01/14 v7.00d Hyperref: PDFDocEncoding definition (HO)
Now handling font encoding PD1 ...
... no UTF-8 mapping file for font encoding PD1
)
(/usr/share/texlive/texmf-dist/tex/generic/intcalc/intcalc.sty
Package: intcalc 2019/12/15 v1.3 Expandable calculations with integers (HO)
)
(/usr/share/texlive/texmf-dist/tex/generic/etexcmds/etexcmds.sty
Package: etexcmds 2019/12/15 v1.7 Avoid name clashes with e-TeX commands (HO)
)
\Hy@SavedSpaceFactor=\count314
\pdfmajorversion=\count315
Package hyperref Info: Option `colorlinks' set `true' on input line 4421.
Package hyperref Info: Option `pdfpagelabels' set `true' on input line 4421.
Package hyperref Info: Option `breaklinks' set `true' on input line 4421.
Package hyperref Info: Hyper figures OFF on input line 4547.
Package hyperref Info: Link nesting OFF on input line 4552.
Package hyperref Info: Hyper index ON on input line 4555.
Package hyperref Info: Plain pages OFF on input line 4562.
Package hyperref Info: Backreferencing OFF on input line 4567.
Package hyperref Info: Implicit mode ON; LaTeX internals redefined.
Package hyperref Info: Bookmarks ON on input line 4800.
\c@Hy@tempcnt=\count316
LaTeX Info: Redefining \url on input line 5159.
\XeTeXLinkMargin=\dimen266

(/usr/share/texlive/texmf-dist/tex/generic/bitset/bitset.sty
Package: bitset 2019/12/09 v1.3 Handle bit-vector datatype (HO)

(/usr/share/texlive/texmf-dist/tex/generic/bigintcalc/bigintcalc.sty
Package: bigintcalc 2019/12/15 v1.5 Expandable calculations on big integers (HO
)
))
\Fld@menulength=\count317
\Field@Width=\dimen267
\Fld@charsize=\dimen268
Package hyperref Info: Hyper figures OFF on input line 6430.
Package hyperref Info: Link nesting OFF on input line 6435.
Package hyperref Info: Hyper index ON on input line 6438.
Package hyperref Info: backreferencing OFF on input line 6445.
Package hyperref Info: Link coloring ON on input line 6448.
Package hyperref Info: Link coloring with OCG OFF on input line 6455.
Package hyperref Info: PDF/A mode OFF on input line 6460.
LaTeX Info: Redefining \ref on input line 6500.
LaTeX Info: Redefining \pageref on input line 6504.
\Hy@abspage=\count318
\c@Item=\count319
\c@Hfootnote=\count320
)
Package hyperref Info: Driver (autodetected): hpdftex.

(/usr/share/texlive/texmf-dist/tex/latex/hyperref/hpdftex.def
File: hpdftex.def 2020/01/14 v7.00d Hyperref driver for pdfTeX

(/usr/share/texlive/texmf-dist/tex/latex/atveryend/atveryend.sty
Package: atveryend 2019-12-11 v1.11 Hooks at the very end of document (HO)
Package atveryend Info: \enddocument detected (standard20110627).
)
\Fld@listcount=\count321
\c@bookmark@seq@number=\count322

(/usr/share/texlive/texmf-dist/tex/latex/rerunfilecheck/rerunfilecheck.sty
Package: rerunfilecheck 2019/12/05 v1.9 Rerun checks for auxiliary files (HO)

(/usr/share/texlive/texmf-dist/tex/generic/uniquecounter/uniquecounter.sty
Package: uniquecounter 2019/12/15 v1.4 Provide unlimited unique counter (HO)
)
Package uniquecounter Info: New unique counter `rerunfilecheck' on input line 2
86.
)
\Hy@SectionHShift=\skip105
)
(./ifbtcc.aux (./text/introduction.aux) (./text/background.aux)
(./text/desenvolvimento.aux) (./text/resultados.aux) (./text/conclusion.aux))
\openout1 = `ifbtcc.aux'.

LaTeX Font Info:    Checking defaults for OML/cmm/m/it on input line 151.
LaTeX Font Info:    ... okay on input line 151.
LaTeX Font Info:    Checking defaults for OMS/cmsy/m/n on input line 151.
LaTeX Font Info:    ... okay on input line 151.
LaTeX Font Info:    Checking defaults for OT1/cmr/m/n on input line 151.
LaTeX Font Info:    ... okay on input line 151.
LaTeX Font Info:    Checking defaults for T1/cmr/m/n on input line 151.
LaTeX Font Info:    ... okay on input line 151.
LaTeX Font Info:    Checking defaults for TS1/cmr/m/n on input line 151.
LaTeX Font Info:    ... okay on input line 151.
LaTeX Font Info:    Checking defaults for OMX/cmex/m/n on input line 151.
LaTeX Font Info:    ... okay on input line 151.
LaTeX Font Info:    Checking defaults for U/cmr/m/n on input line 151.
LaTeX Font Info:    ... okay on input line 151.
LaTeX Font Info:    Checking defaults for PD1/pdf/m/n on input line 151.
LaTeX Font Info:    ... okay on input line 151.
LaTeX Font Info:    Trying to load font information for T1+ptm on input line 15
1.

(/usr/share/texlive/texmf-dist/tex/latex/psnfss/t1ptm.fd
File: t1ptm.fd 2001/06/04 font definitions for T1/ptm.
)
(/usr/share/texlive/texmf-dist/tex/context/base/mkii/supp-pdf.mkii
[Loading MPS to PDF converter (version 2006.09.02).]
\scratchcounter=\count323
\scratchdimen=\dimen269
\scratchbox=\box69
\nofMPsegments=\count324
\nofMParguments=\count325
\everyMPshowfont=\toks42
\MPscratchCnt=\count326
\MPscratchDim=\dimen270
\MPnumerator=\count327
\makeMPintoPDFobject=\count328
\everyMPtoPDFconversion=\toks43
) (/usr/share/texlive/texmf-dist/tex/latex/epstopdf-pkg/epstopdf-base.sty
Package: epstopdf-base 2020-01-24 v2.11 Base part for package epstopdf
Package epstopdf-base Info: Redefining graphics rule for `.eps' on input line 4
85.

(/usr/share/texlive/texmf-dist/tex/latex/latexconfig/epstopdf-sys.cfg
File: epstopdf-sys.cfg 2010/07/13 v1.3 Configuration of (r)epstopdf for TeX Liv
e
))
*geometry* driver: auto-detecting
*geometry* detected driver: pdftex
*geometry* verbose mode - [ preamble ] result:
* driver: pdftex
* paper: <default>
* layout: <same size as paper>
* layoutoffset:(h,v)=(0.0pt,0.0pt)
* modes: twoside 
* h-part:(L,W,R)=(85.35826pt, 455.24411pt, 56.9055pt)
* v-part:(T,H,B)=(85.35826pt, 702.78308pt, 56.9055pt)
* \paperwidth=597.50787pt
* \paperheight=845.04684pt
* \textwidth=455.24411pt
* \textheight=702.78308pt
* \oddsidemargin=13.08827pt
* \evensidemargin=-15.36449pt
* \topmargin=-18.78552pt
* \headheight=12.0pt
* \headsep=19.8738pt
* \topskip=12.0pt
* \footskip=30.0pt
* \marginparwidth=88.0pt
* \marginparsep=7.0pt
* \columnsep=10.0pt
* \skip\footins=10.8pt plus 4.0pt minus 2.0pt
* \hoffset=0.0pt
* \voffset=0.0pt
* \mag=1000
* \@twocolumnfalse
* \@twosidetrue
* \@mparswitchtrue
* \@reversemarginfalse
* (1in=72.27pt=25.4mm, 1cm=28.453pt)

Package lastpage Info: Please have a look at the pageslts package at
(lastpage)             https://www.ctan.org/pkg/pageslts
(lastpage)             ! on input line 151.
\c@lstlisting=\count329
\AtBeginShipoutBox=\box70
Package caption Info: Begin \AtBeginDocument code.
Package caption Info: hyperref package is loaded.
Package caption Info: End \AtBeginDocument code.
Package hyperref Info: Link coloring ON on input line 151.
(/usr/share/texlive/texmf-dist/tex/latex/hyperref/nameref.sty
Package: nameref 2019/09/16 v2.46 Cross-referencing by name of section

(/usr/share/texlive/texmf-dist/tex/latex/refcount/refcount.sty
Package: refcount 2019/12/15 v3.6 Data extraction from label references (HO)
)
(/usr/share/texlive/texmf-dist/tex/generic/gettitlestring/gettitlestring.sty
Package: gettitlestring 2019/12/15 v1.6 Cleanup title references (HO)
)
\c@section@level=\count330
)
LaTeX Info: Redefining \ref on input line 151.
LaTeX Info: Redefining \pageref on input line 151.
LaTeX Info: Redefining \nameref on input line 151.

(./ifbtcc.out) (./ifbtcc.out)
\@outlinefile=\write4
\openout4 = `ifbtcc.out'.

<ifbclass/images/ifblogo.png, id=148, 233.673pt x 284.7438pt>
File: ifbclass/images/ifblogo.png Graphic file (type png)
<use ifbclass/images/ifblogo.png>
Package pdftex.def Info: ifbclass/images/ifblogo.png  used on input line 155.
(pdftex.def)             Requested size: 116.83621pt x 142.37155pt.
LaTeX Font Info:    Trying to load font information for T1+times on input line 
155.
LaTeX Font Info:    No file T1times.fd. on input line 155.


LaTeX Font Warning: Font shape `T1/times/m/n' undefined
(Font)              using `T1/cmr/m/n' instead on input line 155.

[1


Non-PDF special ignored!
<special> ! TeXDict begin /box{newpath 2 copy moveto 3 copy pop exch lineto...
Non-PDF special ignored!
<special> ! TeXDict begin /box{newpath 2 copy moveto 3 copy pop exch lineto...

{/var/lib/texmf/fonts/map/pdftex/updmap/pdftex.map} <./ifbclass/images/ifblogo.
png>] [2

]
LaTeX Font Info:    Trying to load font information for OT1+ztmcm on input line
 157.
 (/usr/share/texlive/texmf-dist/tex/latex/psnfss/ot1ztmcm.fd
File: ot1ztmcm.fd 2000/01/03 Fontinst v1.801 font definitions for OT1/ztmcm.
)
LaTeX Font Info:    Trying to load font information for OML+ztmcm on input line
 157.

(/usr/share/texlive/texmf-dist/tex/latex/psnfss/omlztmcm.fd
File: omlztmcm.fd 2000/01/03 Fontinst v1.801 font definitions for OML/ztmcm.
)
LaTeX Font Info:    Trying to load font information for OMS+ztmcm on input line
 157.

(/usr/share/texlive/texmf-dist/tex/latex/psnfss/omsztmcm.fd
File: omsztmcm.fd 2000/01/03 Fontinst v1.801 font definitions for OMS/ztmcm.
)
LaTeX Font Info:    Trying to load font information for OMX+ztmcm on input line
 157.

(/usr/share/texlive/texmf-dist/tex/latex/psnfss/omxztmcm.fd
File: omxztmcm.fd 2000/01/03 Fontinst v1.801 font definitions for OMX/ztmcm.
)
LaTeX Font Info:    Trying to load font information for OT1+ptm on input line 1
57.

(/usr/share/texlive/texmf-dist/tex/latex/psnfss/ot1ptm.fd
File: ot1ptm.fd 2001/06/04 font definitions for OT1/ptm.
)
LaTeX Font Info:    Font shape `OT1/ptm/bx/n' in size <12> not available
(Font)              Font shape `OT1/ptm/b/n' tried instead on input line 157.
LaTeX Font Info:    Font shape `OT1/ptm/bx/n' in size <9> not available
(Font)              Font shape `OT1/ptm/b/n' tried instead on input line 157.
LaTeX Font Info:    Font shape `OT1/ptm/bx/n' in size <7> not available
(Font)              Font shape `OT1/ptm/b/n' tried instead on input line 157.
 [0]
Underfull \hbox (badness 10000) in paragraph at lines 160--160

 []


Overfull \hbox (16.12639pt too wide) in paragraph at lines 160--160
[]  [] 
 []


Underfull \hbox (badness 10000) in paragraph at lines 160--160

 []


Underfull \hbox (badness 10000) in paragraph at lines 160--160

 []


Underfull \hbox (badness 10000) in paragraph at lines 160--160

 []

LaTeX Font Info:    Font shape `OT1/ptm/bx/n' in size <10> not available
(Font)              Font shape `OT1/ptm/b/n' tried instead on input line 160.
LaTeX Font Info:    Font shape `OT1/ptm/bx/n' in size <7.4> not available
(Font)              Font shape `OT1/ptm/b/n' tried instead on input line 160.
LaTeX Font Info:    Font shape `OT1/ptm/bx/n' in size <6> not available
(Font)              Font shape `OT1/ptm/b/n' tried instead on input line 160.


pdfTeX warning: pdflatex (file ./folha-de-aprovacao-danyelle.pdf): PDF inclusio
n: found PDF version <1.7>, but at most version <1.5> allowed
<folha-de-aprovacao-danyelle.pdf, id=170, 597.50829pt x 845.0471pt>
File: folha-de-aprovacao-danyelle.pdf Graphic file (type pdf)
<use folha-de-aprovacao-danyelle.pdf>
Package pdftex.def Info: folha-de-aprovacao-danyelle.pdf  used on input line 16
5.
(pdftex.def)             Requested size: 597.50682pt x 845.04504pt.


pdfTeX warning: pdflatex (file ./folha-de-aprovacao-danyelle.pdf): PDF inclusio
n: found PDF version <1.7>, but at most version <1.5> allowed
File: folha-de-aprovacao-danyelle.pdf Graphic file (type pdf)
<use folha-de-aprovacao-danyelle.pdf>
Package pdftex.def Info: folha-de-aprovacao-danyelle.pdf  used on input line 16
5.
(pdftex.def)             Requested size: 597.50682pt x 845.04504pt.


pdfTeX warning: pdflatex (file ./folha-de-aprovacao-danyelle.pdf): PDF inclusio
n: found PDF version <1.7>, but at most version <1.5> allowed


pdfTeX warning: pdflatex (file ./folha-de-aprovacao-danyelle.pdf): PDF inclusio
n: found PDF version <1.7>, but at most version <1.5> allowed
<folha-de-aprovacao-danyelle.pdf, id=173, page=1, 597.50829pt x 845.0471pt>
File: folha-de-aprovacao-danyelle.pdf Graphic file (type pdf)
<use folha-de-aprovacao-danyelle.pdf, page 1>
Package pdftex.def Info: folha-de-aprovacao-danyelle.pdf , page1 used on input 
line 165.
(pdftex.def)             Requested size: 597.50682pt x 845.04504pt.
File: folha-de-aprovacao-danyelle.pdf Graphic file (type pdf)
<use folha-de-aprovacao-danyelle.pdf, page 1>
Package pdftex.def Info: folha-de-aprovacao-danyelle.pdf , page1 used on input 
line 165.
(pdftex.def)             Requested size: 597.53416pt x 845.08372pt.
pdfTeX warning (ext4): destination with the same identifier (name{page.1}) has 
been already used, duplicate ignored
<to be read again> 
                   \relax 
l.165 \includepdf{folha-de-aprovacao-danyelle.pdf}
                                                   [1

]
File: folha-de-aprovacao-danyelle.pdf Graphic file (type pdf)
<use folha-de-aprovacao-danyelle.pdf, page 1>
Package pdftex.def Info: folha-de-aprovacao-danyelle.pdf , page1 used on input 
line 165.
(pdftex.def)             Requested size: 597.53416pt x 845.08372pt.
File: folha-de-aprovacao-danyelle.pdf Graphic file (type pdf)
<use folha-de-aprovacao-danyelle.pdf, page 1>
Package pdftex.def Info: folha-de-aprovacao-danyelle.pdf , page1 used on input 
line 165.
(pdftex.def)             Requested size: 597.53416pt x 845.08372pt.
File: folha-de-aprovacao-danyelle.pdf Graphic file (type pdf)
<use folha-de-aprovacao-danyelle.pdf, page 1>
Package pdftex.def Info: folha-de-aprovacao-danyelle.pdf , page1 used on input 
line 165.
(pdftex.def)             Requested size: 597.53416pt x 845.08372pt.
pdfTeX warning (ext4): destination with the same identifier (name{page.2}) has 
been already used, duplicate ignored
<to be read again> 
                   \relax 
l.165 \includepdf{folha-de-aprovacao-danyelle.pdf}
                                                   [2 <./folha-de-aprovacao-dan
yelle.pdf>]
Underfull \hbox (badness 10000) in paragraph at lines 167--167

 []

[3

] [4

] (./text/agradecimentos.tex) [5] [6

] (./text/resumo.tex) [7] [8

]
(./text/abstract.tex) [9] [10

] (./ifbtcc.toc [11])
\tf@toc=\write5
\openout5 = `ifbtcc.toc'.

 [12]
\openout2 = `text/introduction.aux'.


(./text/introduction.tex
Cap\'{\i }tulo 1.
LaTeX Font Info:    Trying to load font information for T1+pnc on input line 1.

(/usr/share/texlive/texmf-dist/tex/latex/psnfss/t1pnc.fd
File: t1pnc.fd 2001/06/04 font definitions for T1/pnc.
)
LaTeX Font Info:    Trying to load font information for TS1+ptm on input line 9
.

(/usr/share/texlive/texmf-dist/tex/latex/psnfss/ts1ptm.fd
File: ts1ptm.fd 2001/06/04 font definitions for TS1/ptm.
)

Package Fancyhdr Warning: \headheight is too small (12.0pt): 
Make it at least 14.49998pt.
We now make it that large for the rest of the document.
This may cause the page layout to be inconsistent, however.

[13


]

Package Fancyhdr Warning: \headheight is too small (14.49998pt): 
Make it at least 15.73112pt.
We now make it that large for the rest of the document.
This may cause the page layout to be inconsistent, however.

[14]) [15]
\openout2 = `text/background.aux'.

 (./text/background.tex [16



]
Cap\'{\i }tulo 2.
<images/gap-processor-memory.png, id=364, 642.4pt x 385.44pt>
File: images/gap-processor-memory.png Graphic file (type png)
<use images/gap-processor-memory.png>
Package pdftex.def Info: images/gap-processor-memory.png  used on input line 15
.
(pdftex.def)             Requested size: 449.67694pt x 269.80615pt.
[17]
<images/hierarquia-memory-2.png, id=381, 754.9806pt x 486.618pt>
File: images/hierarquia-memory-2.png Graphic file (type png)
<use images/hierarquia-memory-2.png>
Package pdftex.def Info: images/hierarquia-memory-2.png  used on input line 27.

(pdftex.def)             Requested size: 475.6403pt x 306.57095pt.

Overfull \hbox (20.3962pt too wide) in paragraph at lines 27--30
 [][] 
 []

[18 <./images/gap-processor-memory.png>]
<images/tree-dns.png, id=409, 312.11606pt x 234.8775pt>
File: images/tree-dns.png Graphic file (type png)
<use images/tree-dns.png>
Package pdftex.def Info: images/tree-dns.png  used on input line 45.
(pdftex.def)             Requested size: 249.69318pt x 187.90225pt.
<images/decision-tree.png, id=410, 2268.475pt x 1264.725pt>
File: images/decision-tree.png Graphic file (type png)
<use images/decision-tree.png>
Package pdftex.def Info: images/decision-tree.png  used on input line 47.
(pdftex.def)             Requested size: 455.24411pt x 253.78964pt.
 [19 <./images/hierarquia-memory-2.png>]
Underfull \vbox (badness 10000) has occurred while \output is active []

 [20 <./images/tree-dns.png> <./images/decision-tree.png>]
Overfull \hbox (22.96742pt too wide) in paragraph at lines 61--63
\T1/ptm/m/n/12 Sendo que a se-guinte re-la-ção de equi-va-lên-cia é vá-lida: $\
OML/ztmcm/m/it/12 rank[]\OT1/ztmcm/m/n/12 (\OML/ztmcm/m/it/12 BV; i\OT1/ztmcm/m
/n/12 ) = \OML/ztmcm/m/it/12 i \OT1/ztmcm/m/n/12 + 1 \OMS/ztmcm/m/n/12 ^^@ \OML
/ztmcm/m/it/12 rank[]\OT1/ztmcm/m/n/12 (\OML/ztmcm/m/it/12 BV; i\OT1/ztmcm/m/n/
12 )$\T1/ptm/m/n/12 ; 
 []

<images/access.png, id=439, 194.22563pt x 74.52844pt>
File: images/access.png Graphic file (type png)
<use images/access.png>
Package pdftex.def Info: images/access.png  used on input line 71.
(pdftex.def)             Requested size: 194.22514pt x 74.52824pt.
<images/rank.png, id=440, 193.32225pt x 66.39806pt>
File: images/rank.png Graphic file (type png)
<use images/rank.png>
Package pdftex.def Info: images/rank.png  used on input line 72.
(pdftex.def)             Requested size: 193.32178pt x 66.39787pt.
<images/select.png, id=441, 202.8077pt x 65.043pt>
File: images/select.png Graphic file (type png)
<use images/select.png>
Package pdftex.def Info: images/select.png  used on input line 73.
(pdftex.def)             Requested size: 202.80719pt x 65.04283pt.

LaTeX Warning: `!h' float specifier changed to `!ht'.

<images/arvore_geral.png, id=446, 820.16125pt x 412.1455pt>
File: images/arvore_geral.png Graphic file (type png)
<use images/arvore_geral.png>
Package pdftex.def Info: images/arvore_geral.png  used on input line 84.
(pdftex.def)             Requested size: 455.24411pt x 228.7686pt.
[21] [22 <./images/access.png> <./images/rank.png> <./images/select.png> <./ima
ges/arvore_geral.png>]

Package amsmath Warning: Cannot use `split' here;
(amsmath)                trying to recover with `aligned' on input line 110.

<images/excess-in-tree.png, id=485, 711.1368pt x 71.03108pt>
File: images/excess-in-tree.png Graphic file (type png)
<use images/excess-in-tree.png>
Package pdftex.def Info: images/excess-in-tree.png  used on input line 118.
(pdftex.def)             Requested size: 455.24411pt x 45.47165pt.
[23]
<images/dfuds.png, id=497, 825.94286pt x 384.88937pt>
File: images/dfuds.png Graphic file (type png)
<use images/dfuds.png>
Package pdftex.def Info: images/dfuds.png  used on input line 134.
(pdftex.def)             Requested size: 455.24411pt x 212.14201pt.
 [24 <./images/excess-in-tree.png>]
<images/louds.png, id=512, 825.94286pt x 368.37051pt>
File: images/louds.png Graphic file (type png)
<use images/louds.png>
Package pdftex.def Info: images/louds.png  used on input line 147.
(pdftex.def)             Requested size: 455.24411pt x 203.03722pt.
 [25 <./images/dfuds.png> <./images/louds.png>] [26] [27]
<images/rmm-tree-bin.png, id=553, 825.94286pt x 597.98264pt>
File: images/rmm-tree-bin.png Graphic file (type png)
<use images/rmm-tree-bin.png>
Package pdftex.def Info: images/rmm-tree-bin.png  used on input line 248.
(pdftex.def)             Requested size: 455.24411pt x 329.59404pt.
 [28] [29 <./images/rmm-tree-bin.png>] [30]
Underfull \hbox (badness 10000) in paragraph at lines 282--284

 []

[31]
LaTeX Font Info:    Trying to load font information for T1+pcr on input line 36
0.
 (/usr/share/texlive/texmf-dist/tex/latex/psnfss/t1pcr.fd
File: t1pcr.fd 2001/06/04 font definitions for T1/pcr.
)

LaTeX Warning: `!h' float specifier changed to `!ht'.

[32pdfTeX warning (ext4): destination with the same identifier (name{AlgoLine.1
.1}) has been already used, duplicate ignored

\AtBegShi@Output ...ipout \box \AtBeginShipoutBox 
                                                  \fi \fi 
l.365 \newpage
              pdfTeX warning (ext4): destination with the same identifier (name
{AlgoLine.1.2}) has been already used, duplicate ignored

\AtBegShi@Output ...ipout \box \AtBeginShipoutBox 
                                                  \fi \fi 
l.365 \newpage
              pdfTeX warning (ext4): destination with the same identifier (name
{AlgoLine.1.3}) has been already used, duplicate ignored

\AtBegShi@Output ...ipout \box \AtBeginShipoutBox 
                                                  \fi \fi 
l.365 \newpage
              pdfTeX warning (ext4): destination with the same identifier (name
{AlgoLine.1.4}) has been already used, duplicate ignored

\AtBegShi@Output ...ipout \box \AtBeginShipoutBox 
                                                  \fi \fi 
l.365 \newpage
              pdfTeX warning (ext4): destination with the same identifier (name
{AlgoLine.1.5}) has been already used, duplicate ignored

\AtBegShi@Output ...ipout \box \AtBeginShipoutBox 
                                                  \fi \fi 
l.365 \newpage
              pdfTeX warning (ext4): destination with the same identifier (name
{AlgoLine.1.6}) has been already used, duplicate ignored

\AtBegShi@Output ...ipout \box \AtBeginShipoutBox 
                                                  \fi \fi 
l.365 \newpage
              pdfTeX warning (ext4): destination with the same identifier (name
{AlgoLine.1.7}) has been already used, duplicate ignored

\AtBegShi@Output ...ipout \box \AtBeginShipoutBox 
                                                  \fi \fi 
l.365 \newpage
              ]
Underfull \vbox (badness 10000) has occurred while \output is active []

 [33]
<images/rmm-tree-bin-fwdsearch.png, id=646, 825.94286pt x 597.98264pt>
File: images/rmm-tree-bin-fwdsearch.png Graphic file (type png)
<use images/rmm-tree-bin-fwdsearch.png>
Package pdftex.def Info: images/rmm-tree-bin-fwdsearch.png  used on input line 
416.
(pdftex.def)             Requested size: 455.24411pt x 329.59404pt.


LaTeX Warning: `!h' float specifier changed to `!ht'.

[34] [35 <./images/rmm-tree-bin-fwdsearch.png>] [36] [37] [38] [39]
<images/rmm-tree-bin-bwdsearch.png, id=776, 825.94286pt x 597.98264pt>
File: images/rmm-tree-bin-bwdsearch.png Graphic file (type png)
<use images/rmm-tree-bin-bwdsearch.png>
Package pdftex.def Info: images/rmm-tree-bin-bwdsearch.png  used on input line 
588.
(pdftex.def)             Requested size: 455.24411pt x 329.59404pt.
 [40 <./images/rmm-tree-bin-bwdsearch.png>] [41]
<images/rmm-tree-bin-minexcess.png, id=795, 825.94286pt x 597.98264pt>
File: images/rmm-tree-bin-minexcess.png Graphic file (type png)
<use images/rmm-tree-bin-minexcess.png>
Package pdftex.def Info: images/rmm-tree-bin-minexcess.png  used on input line 
641.
(pdftex.def)             Requested size: 455.24411pt x 329.59404pt.
 [42] [43 <./images/rmm-tree-bin-minexcess.png>] [44]
Overfull \hbox (3.95685pt too wide) in paragraph at lines 698--700
[]\T1/ptm/b/n/12 findOpen(i)\T1/ptm/m/n/12 : seja $\OML/ztmcm/m/it/12 BP\OT1/zt
mcm/m/n/12 [\OML/ztmcm/m/it/12 i\OT1/ztmcm/m/n/12 ] = 0$\T1/ptm/m/n/12 , \T1/pt
m/m/it/12 fin-dO-pen\T1/ptm/m/n/12 , faz uma busca por um $\OML/ztmcm/m/it/12 j
 < i$ \T1/ptm/m/n/12 tal que $\OML/ztmcm/m/it/12 excess\OT1/ztmcm/m/n/12 (\OML/
ztmcm/m/it/12 j\OT1/ztmcm/m/n/12 ) \OMS/ztmcm/m/n/12 ^^@
 []

[45] [46] [47] [48] (./text/table-rmmTree-classicOperations.tex

LaTeX Warning: `!h' float specifier changed to `!ht'.

) [49]
Underfull \vbox (badness 2245) has occurred while \output is active []

 [50]
[51]) [52]
\openout2 = `text/desenvolvimento.aux'.

 (./text/desenvolvimento.tex
Cap\'{\i }tulo 3.
[53



] [54]
Underfull \hbox (badness 10000) in paragraph at lines 64--67

 []


Package amsmath Warning: Cannot use `split' here;
(amsmath)                trying to recover with `aligned' on input line 74.


Package amsmath Warning: Cannot use `split' here;
(amsmath)                trying to recover with `aligned' on input line 84.

[55]
<images/rmm-tree-kary.png, id=907, 818.50937pt x 279.99463pt>
File: images/rmm-tree-kary.png Graphic file (type png)
<use images/rmm-tree-kary.png>
Package pdftex.def Info: images/rmm-tree-kary.png  used on input line 105.
(pdftex.def)             Requested size: 455.24411pt x 155.72783pt.
LaTeX Font Info:    Font shape `T1/pcr/m/it' in size <12> not available
(Font)              Font shape `T1/pcr/m/sl' tried instead on input line 165.


LaTeX Warning: `!h' float specifier changed to `!ht'.

[56 <./images/rmm-tree-kary.png>]

LaTeX Warning: Text page 57 contains only floats.


Underfull \vbox (badness 10000) has occurred while \output is active []

 [57]
[58]
<images/rmm-tree-kary-fwdsearch.png, id=973, 821.81314pt x 284.12434pt>
File: images/rmm-tree-kary-fwdsearch.png Graphic file (type png)
<use images/rmm-tree-kary-fwdsearch.png>
Package pdftex.def Info: images/rmm-tree-kary-fwdsearch.png  used on input line
 206.
(pdftex.def)             Requested size: 455.24411pt x 157.39606pt.
 [59 <./images/rmm-tree-kary-fwdsearch.png>] [60] [61] [62]
Overfull \hbox (12.0631pt too wide) in paragraph at lines 333--334
[]$\OML/ztmcm/m/it/12 excess\OT1/ztmcm/m/n/12 (\OML/ztmcm/m/it/12 i\OT1/ztmcm/m
/n/12 ) + \OML/ztmcm/m/it/12 d$ \T1/ptm/m/n/12 é al-can-çado quando $\OML/ztmcm
/m/it/12 dr \OMS/ztmcm/m/n/12 ^^@ \OML/ztmcm/m/it/12 R\OT1/ztmcm/m/n/12 [\OML/z
tmcm/m/it/12 v\OT1/ztmcm/m/n/12 ][\OML/ztmcm/m/it/12 reg\OT1/ztmcm/m/n/12 ]\OML
/ztmcm/m/it/12 :e \OT1/ztmcm/m/n/12 + \OML/ztmcm/m/it/12 R\OT1/ztmcm/m/n/12 [\O
ML/ztmcm/m/it/12 v\OT1/ztmcm/m/n/12 ][\OML/ztmcm/m/it/12 reg\OT1/ztmcm/m/n/12 ]
\OML/ztmcm/m/it/12 :m \OMS/ztmcm/m/n/12 ^^T \OML/ztmcm/m/it/12 d \OMS/ztmcm/m/n
/12 ^^T \OML/ztmcm/m/it/12 dr \OMS/ztmcm/m/n/12 ^^@ \OML/ztmcm/m/it/12 R\OT1/zt
mcm/m/n/12 [\OML/ztmcm/m/it/12 v\OT1/ztmcm/m/n/12 ][\OML/ztmcm/m/it/12 reg\OT1/
ztmcm/m/n/12 ]\OML/ztmcm/m/it/12 :e \OT1/ztmcm/m/n/12 +
 []

<images/rmm-tree-kary-bwdsearch.png, id=1069, 824.29097pt x 304.77292pt>
File: images/rmm-tree-kary-bwdsearch.png Graphic file (type png)
<use images/rmm-tree-kary-bwdsearch.png>
Package pdftex.def Info: images/rmm-tree-kary-bwdsearch.png  used on input line
 343.
(pdftex.def)             Requested size: 455.24411pt x 168.32318pt.
[63 <./images/rmm-tree-kary-bwdsearch.png>] [64] [65] [66]
(./text/table-rmm-tree-karia-operations.tex

LaTeX Warning: `!h' float specifier changed to `!ht'.

)) [67] [68]
\openout2 = `text/resultados.aux'.

 (./text/resultados.tex
Cap\'{\i }tulo 4.

Underfull \vbox (badness 1383) has occurred while \output is active []

 [69



]
[70] [71]
Overfull \hbox (2.8087pt too wide) in paragraph at lines 68--69
[]\T1/ptm/m/n/12 Para os tes-tes de de-sem-pe-nho, fo-ram pré-computados di-ver
-sos ve-to-res pseudo-aleatórios,
 []

[72] [73]
<images/ctree_i3000000.png, id=1236, 716.1957pt x 562.5015pt>
File: images/ctree_i3000000.png Graphic file (type png)
<use images/ctree_i3000000.png>
Package pdftex.def Info: images/ctree_i3000000.png  used on input line 102.
(pdftex.def)             Requested size: 572.95734pt x 450.0018pt.
<images/dna_i3000000.png, id=1237, 722.4591pt x 562.5015pt>
File: images/dna_i3000000.png Graphic file (type png)
<use images/dna_i3000000.png>
Package pdftex.def Info: images/dna_i3000000.png  used on input line 110.
(pdftex.def)             Requested size: 577.96806pt x 450.0018pt.
<images/prot_i3000000.png, id=1238, 716.1957pt x 562.5015pt>
File: images/prot_i3000000.png Graphic file (type png)
<use images/prot_i3000000.png>
Package pdftex.def Info: images/prot_i3000000.png  used on input line 118.
(pdftex.def)             Requested size: 572.95734pt x 450.0018pt.
<images/wiki_i3000000.png, id=1239, 716.1957pt x 561.5379pt>
File: images/wiki_i3000000.png Graphic file (type png)
<use images/wiki_i3000000.png>
Package pdftex.def Info: images/wiki_i3000000.png  used on input line 126.
(pdftex.def)             Requested size: 572.95734pt x 449.23093pt.
) [74 <./images/ctree_i3000000.png>] [75 <./images/dna_i3000000.png>]
[76 <./images/prot_i3000000.png>] [77 <./images/wiki_i3000000.png>]
\openout2 = `text/conclusion.aux'.


(./text/conclusion.tex [78



]
Cap\'{\i }tulo 5.
) [79] [80] (./ifbtcc.bbl [81


]) 
AED: lastpage setting LastPage
[82]

Package caption Warning: Unused \captionsetup[lstlisting] on input line 111.
See the caption package documentation for explanation.

Package atveryend Info: Empty hook `BeforeClearDocument' on input line 205.
Package atveryend Info: Empty hook `AfterLastShipout' on input line 205.
(./ifbtcc.aux (./text/introduction.aux) (./text/background.aux)
(./text/desenvolvimento.aux) (./text/resultados.aux) (./text/conclusion.aux))
Package atveryend Info: Executing hook `AtVeryEndDocument' on input line 205.
Package atveryend Info: Executing hook `AtEndAfterFileList' on input line 205.
Package rerunfilecheck Info: File `ifbtcc.out' has not changed.
(rerunfilecheck)             Checksum: EF3E036CD17D0DBED86B3BCB6E81651E;2464.


LaTeX Font Warning: Some font shapes were not available, defaults substituted.

Package atveryend Info: Empty hook `AtVeryVeryEnd' on input line 205.
 ) 
Here is how much of TeX's memory you used:
 17356 strings out of 483122
 266597 string characters out of 5964496
 680569 words of memory out of 5000000
 31397 multiletter control sequences out of 15000+600000
 609445 words of font info for 136 fonts, out of 8000000 for 9000
 38 hyphenation exceptions out of 8191
 48i,24n,49p,1431b,823s stack positions out of 5000i,500n,10000p,200000b,80000s
{/usr/share/texlive/texmf-dist/fonts/enc/dvips/base/8r.enc} </home/danyelle/.
texlive2019/texmf-var/fonts/pk/ljfour/jknappen/ec/ecrm1095.600pk></usr/share/te
xlive/texmf-dist/fonts/type1/public/amsfonts/cm/cmex10.pfb></usr/share/texlive/
texmf-dist/fonts/type1/public/amsfonts/cm/cmmi10.pfb></usr/share/texlive/texmf-
dist/fonts/type1/public/amsfonts/cm/cmr10.pfb></usr/share/texlive/texmf-dist/fo
nts/type1/public/amsfonts/cm/cmsy10.pfb></usr/share/texlive/texmf-dist/fonts/ty
pe1/public/amsfonts/symbols/msam10.pfb></usr/share/texlive/texmf-dist/fonts/typ
e1/urw/courier/ucrr8a.pfb></usr/share/texlive/texmf-dist/fonts/type1/urw/courie
r/ucrro8a.pfb></usr/share/texlive/texmf-dist/fonts/type1/urw/ncntrsbk/uncb8a.pf
b></usr/share/texlive/texmf-dist/fonts/type1/urw/symbol/usyr.pfb></usr/share/te
xlive/texmf-dist/fonts/type1/urw/times/utmb8a.pfb></usr/share/texlive/texmf-dis
t/fonts/type1/urw/times/utmbi8a.pfb></usr/share/texlive/texmf-dist/fonts/type1/
urw/times/utmr8a.pfb></usr/share/texlive/texmf-dist/fonts/type1/urw/times/utmr8
a.pfb></usr/share/texlive/texmf-dist/fonts/type1/urw/times/utmri8a.pfb></usr/sh
are/texlive/texmf-dist/fonts/type1/urw/zapfding/uzdr.pfb>
Output written on ifbtcc.pdf (85 pages, 3912170 bytes).
PDF statistics:
 1479 PDF objects out of 1728 (max. 8388607)
 1271 compressed objects within 13 object streams
 494 named destinations out of 1000 (max. 500000)
 424 words of extra memory for PDF output out of 10000 (max. 10000000)

