\BOOKMARK [0][-]{chapter.1}{Introdu\347\343o}{}% 1
\BOOKMARK [1][-]{section.1.1}{Objetivos}{chapter.1}% 2
\BOOKMARK [0][-]{chapter.2}{Referencial te\363rico}{}% 3
\BOOKMARK [1][-]{section.2.1}{Avan\347os tecnol\363gicos e estrutura de dados sucintas}{chapter.2}% 4
\BOOKMARK [1][-]{section.2.2}{\301rvores Sucintas}{chapter.2}% 5
\BOOKMARK [1][-]{section.2.3}{Vetores de Bits}{chapter.2}% 6
\BOOKMARK [1][-]{section.2.4}{Representa\347\343o de \341rvores sucintas}{chapter.2}% 7
\BOOKMARK [2][-]{subsection.2.4.1}{Par\352nteses Balanceado \(BP\)}{section.2.4}% 8
\BOOKMARK [2][-]{subsection.2.4.2}{Unary Degree Sequence \(DFDUS\)}{section.2.4}% 9
\BOOKMARK [2][-]{subsection.2.4.3}{Level-ordered Unary Degree Sequence \(LOUDS\)}{section.2.4}% 10
\BOOKMARK [1][-]{section.2.5}{Range min-Max Tree}{chapter.2}% 11
\BOOKMARK [2][-]{subsection.2.5.1}{Registros}{section.2.5}% 12
\BOOKMARK [2][-]{subsection.2.5.2}{Opera\347\365es}{section.2.5}% 13
\BOOKMARK [2][-]{subsection.2.5.3}{FwdSearch}{section.2.5}% 14
\BOOKMARK [2][-]{subsection.2.5.4}{BwdSearch}{section.2.5}% 15
\BOOKMARK [2][-]{subsection.2.5.5}{MinExcess}{section.2.5}% 16
\BOOKMARK [2][-]{subsection.2.5.6}{MinCount e MinSelectExcess}{section.2.5}% 17
\BOOKMARK [2][-]{subsection.2.5.7}{Derivadas}{section.2.5}% 18
\BOOKMARK [1][-]{section.2.6}{rmM-tree k-\341ria}{chapter.2}% 19
\BOOKMARK [0][-]{chapter.3}{Range min-Max tree k-\341ria}{}% 20
\BOOKMARK [1][-]{section.3.1}{Vis\343o Geral}{chapter.3}% 21
\BOOKMARK [1][-]{section.3.2}{Registros}{chapter.3}% 22
\BOOKMARK [1][-]{section.3.3}{Opera\347\365es}{chapter.3}% 23
\BOOKMARK [2][-]{subsection.3.3.1}{FwdSearch}{section.3.3}% 24
\BOOKMARK [2][-]{subsection.3.3.2}{BwdSearch}{section.3.3}% 25
\BOOKMARK [2][-]{subsection.3.3.3}{Derivadas}{section.3.3}% 26
\BOOKMARK [0][-]{chapter.4}{Resultados Experimentais}{}% 27
\BOOKMARK [1][-]{section.4.1}{Base de dados}{chapter.4}% 28
\BOOKMARK [1][-]{section.4.2}{Configura\347\343o}{chapter.4}% 29
\BOOKMARK [1][-]{section.4.3}{Experimentos}{chapter.4}% 30
\BOOKMARK [1][-]{section.4.4}{Resultados}{chapter.4}% 31
\BOOKMARK [0][-]{chapter.5}{Considera\347\365es Finais}{}% 32
\BOOKMARK [0][-]{chapter*.36}{Refer\352ncias}{}% 33
